  11.cpp
E:\programing\C++\AP_Lab_Git_Practice_S4022\11\11.cpp(29,2): warning C4091: 'typedef ': ignored on left of 'Person' when no variable is declared
E:\programing\C++\AP_Lab_Git_Practice_S4022\11\11.cpp(87,4): error C2664: 'void Group::add(const Person &)': cannot convert argument 1 from 'initializer list' to 'const Person &'
  E:\programing\C++\AP_Lab_Git_Practice_S4022\11\11.cpp(87,9):
  Reason: cannot convert from 'initializer list' to 'const Person'
  E:\programing\C++\AP_Lab_Git_Practice_S4022\11\11.cpp(87,9):
  'Person::Person': function does not take 2 arguments
  	E:\programing\C++\AP_Lab_Git_Practice_S4022\11\11.cpp(87,9):
  	while trying to match the argument list '(const char [6], int)'
  E:\programing\C++\AP_Lab_Git_Practice_S4022\11\11.cpp(43,7):
  see declaration of 'Group::add'
  E:\programing\C++\AP_Lab_Git_Practice_S4022\11\11.cpp(87,4):
  while trying to match the argument list '(initializer list)'
  
E:\programing\C++\AP_Lab_Git_Practice_S4022\11\11.cpp(88,4): error C2664: 'void Group::add(const Person &)': cannot convert argument 1 from 'initializer list' to 'const Person &'
  E:\programing\C++\AP_Lab_Git_Practice_S4022\11\11.cpp(88,9):
  Reason: cannot convert from 'initializer list' to 'const Person'
  E:\programing\C++\AP_Lab_Git_Practice_S4022\11\11.cpp(88,9):
  'Person::Person': function does not take 2 arguments
  	E:\programing\C++\AP_Lab_Git_Practice_S4022\11\11.cpp(88,9):
  	while trying to match the argument list '(const char [5], int)'
  E:\programing\C++\AP_Lab_Git_Practice_S4022\11\11.cpp(43,7):
  see declaration of 'Group::add'
  E:\programing\C++\AP_Lab_Git_Practice_S4022\11\11.cpp(88,4):
  while trying to match the argument list '(initializer list)'
  
E:\programing\C++\AP_Lab_Git_Practice_S4022\11\11.cpp(89,4): error C2664: 'void Group::add(const Person &)': cannot convert argument 1 from 'initializer list' to 'const Person &'
  E:\programing\C++\AP_Lab_Git_Practice_S4022\11\11.cpp(89,9):
  Reason: cannot convert from 'initializer list' to 'const Person'
  E:\programing\C++\AP_Lab_Git_Practice_S4022\11\11.cpp(89,9):
  'Person::Person': function does not take 2 arguments
  	E:\programing\C++\AP_Lab_Git_Practice_S4022\11\11.cpp(89,9):
  	while trying to match the argument list '(const char [8], int)'
  E:\programing\C++\AP_Lab_Git_Practice_S4022\11\11.cpp(43,7):
  see declaration of 'Group::add'
  E:\programing\C++\AP_Lab_Git_Practice_S4022\11\11.cpp(89,4):
  while trying to match the argument list '(initializer list)'
  
E:\programing\C++\AP_Lab_Git_Practice_S4022\11\11.cpp(90,4): error C2664: 'void Group::add(const Person &)': cannot convert argument 1 from 'initializer list' to 'const Person &'
  E:\programing\C++\AP_Lab_Git_Practice_S4022\11\11.cpp(90,9):
  Reason: cannot convert from 'initializer list' to 'const Person'
  E:\programing\C++\AP_Lab_Git_Practice_S4022\11\11.cpp(90,9):
  'Person::Person': function does not take 2 arguments
  	E:\programing\C++\AP_Lab_Git_Practice_S4022\11\11.cpp(90,9):
  	while trying to match the argument list '(const char [6], int)'
  E:\programing\C++\AP_Lab_Git_Practice_S4022\11\11.cpp(43,7):
  see declaration of 'Group::add'
  E:\programing\C++\AP_Lab_Git_Practice_S4022\11\11.cpp(90,4):
  while trying to match the argument list '(initializer list)'
  
